<?xml version="1.0" encoding="UTF-8"?>
<testsuite xmlns:xsi="http://www.w3.org/2001/XMLSchema-instance" xsi:noNamespaceSchemaLocation="https://maven.apache.org/surefire/maven-surefire-plugin/xsd/surefire-test-report.xsd" version="3.0.2" name="com.triply.triplybackend.TriplyBackendApplicationTests" time="10.951" tests="1" errors="0" skipped="0" failures="0">
  <properties>
[...]
</properties>
  <testcase name="contextLoads" classname="com.triply.triplybackend.TriplyBackendApplicationTests" time="0.9">
    <system-out><![CDATA[21:17:47.664 [main] INFO org.springframework.test.context.support.AnnotationConfigContextLoaderUtils -- Could not detect default configuration classes for test class [com.triply.triplybackend.TriplyBackendApplicationTests]: TriplyBackendApplicationTests does not declare any static, non-private, non-final, nested classes annotated with @Configuration.
21:17:47.941 [main] INFO org.springframework.boot.test.context.SpringBootTestContextBootstrapper -- Found @SpringBootConfiguration com.triply.triplybackend.TriplyBackendApplication for test class com.triply.triplybackend.TriplyBackendApplicationTests
21:17:48.271 [main] INFO org.springframework.boot.devtools.restart.RestartApplicationListener -- Restart disabled due to context in which it is running

  .   ____          _            __ _ _
 /\\ / ___'_ __ _ _(_)_ __  __ _ \ \ \ \
( ( )\___ | '_ | '_| | '_ \/ _` | \ \ \ \
 \\/  ___)| |_)| | | | | || (_| |  ) ) ) )
  '  |____| .__|_| |_|_| |_\__, | / / / /
 =========|_|==============|___/=/_/_/_/

 :: Spring Boot ::               (v3.4.12)

2025-12-02T21:17:49.032+05:30  INFO 22344 --- [           main] c.t.t.TriplyBackendApplicationTests      : Starting TriplyBackendApplicationTests using Java 23.0.1 with PID 22344 (started by Ranvitha in E:\RideShare\triply-backend)
2025-12-02T21:17:49.036+05:30  INFO 22344 --- [           main] c.t.t.TriplyBackendApplicationTests      : No active profile set, falling back to 1 default profile: "default"
2025-12-02T21:17:50.758+05:30  INFO 22344 --- [           main] .s.d.r.c.RepositoryConfigurationDelegate : Bootstrapping Spring Data JPA repositories in DEFAULT mode.
2025-12-02T21:17:50.886+05:30  INFO 22344 --- [           main] .s.d.r.c.RepositoryConfigurationDelegate : Finished Spring Data repository scanning in 109 ms. Found 3 JPA repository interfaces.
2025-12-02T21:17:52.091+05:30  INFO 22344 --- [           main] o.hibernate.jpa.internal.util.LogHelper  : HHH000204: Processing PersistenceUnitInfo [name: default]
2025-12-02T21:17:52.211+05:30  INFO 22344 --- [           main] org.hibernate.Version                    : HHH000412: Hibernate ORM core version 6.6.36.Final
2025-12-02T21:17:52.271+05:30  INFO 22344 --- [           main] o.h.c.internal.RegionFactoryInitiator    : HHH000026: Second-level cache disabled
2025-12-02T21:17:52.881+05:30  INFO 22344 --- [           main] o.s.o.j.p.SpringPersistenceUnitInfo      : No LoadTimeWeaver setup: ignoring JPA class transformer
2025-12-02T21:17:52.948+05:30  INFO 22344 --- [           main] com.zaxxer.hikari.HikariDataSource       : HikariPool-1 - Starting...
2025-12-02T21:17:53.234+05:30  INFO 22344 --- [           main] com.zaxxer.hikari.pool.HikariPool        : HikariPool-1 - Added connection conn0: url=jdbc:h2:mem:triplydb user=SA
2025-12-02T21:17:53.237+05:30  INFO 22344 --- [           main] com.zaxxer.hikari.HikariDataSource       : HikariPool-1 - Start completed.
2025-12-02T21:17:53.316+05:30  INFO 22344 --- [           main] org.hibernate.orm.connections.pooling    : HHH10001005: Database info:
	Database JDBC URL [Connecting through datasource 'HikariDataSource (HikariPool-1)']
	Database driver: undefined/unknown
	Database version: 2.3.232
	Autocommit mode: undefined/unknown
	Isolation level: undefined/unknown
	Minimum pool size: undefined/unknown
	Maximum pool size: undefined/unknown
2025-12-02T21:17:54.343+05:30  INFO 22344 --- [           main] o.h.e.t.j.p.i.JtaPlatformInitiator       : HHH000489: No JTA platform available (set 'hibernate.transaction.jta.platform' to enable JTA platform integration)
Hibernate: create table bookings (id bigint generated by default as identity, seats_booked integer not null, status varchar(255), passenger_id bigint, ride_id bigint, primary key (id))
Hibernate: create table rides (id bigint generated by default as identity, available_seats integer not null, departure_time timestamp(6), destination varchar(255), fare_per_seat float(53) not null, source varchar(255), driver_id bigint, primary key (id))
Hibernate: create table users (id bigint generated by default as identity, capacity integer, email varchar(255) not null, license_plate varchar(255), name varchar(255), password varchar(255) not null, phone varchar(255), role enum ('ROLE_DRIVER','ROLE_PASSENGER'), vehicle_model varchar(255), primary key (id))
Hibernate: alter table if exists users drop constraint if exists UK6dotkott2kjsp8vw4d0m25fb7
Hibernate: alter table if exists users add constraint UK6dotkott2kjsp8vw4d0m25fb7 unique (email)
Hibernate: alter table if exists bookings add constraint FKbs38on6lm5em0mmwv44g0hn68 foreign key (passenger_id) references users
Hibernate: alter table if exists bookings add constraint FK63tra4deifdhf1rnondk65i3r foreign key (ride_id) references rides
Hibernate: alter table if exists rides add constraint FKtg2ihgorktc15hqhqlnw10lo foreign key (driver_id) references users
2025-12-02T21:17:54.449+05:30  INFO 22344 --- [           main] j.LocalContainerEntityManagerFactoryBean : Initialized JPA EntityManagerFactory for persistence unit 'default'
2025-12-02T21:17:55.762+05:30  WARN 22344 --- [           main] JpaBaseConfiguration$JpaWebConfiguration : spring.jpa.open-in-view is enabled by default. Therefore, database queries may be performed during view rendering. Explicitly configure spring.jpa.open-in-view to disable this warning
2025-12-02T21:17:57.357+05:30  INFO 22344 --- [           main] c.t.t.TriplyBackendApplicationTests      : Started TriplyBackendApplicationTests in 9.112 seconds (process running for 11.071)
]]></system-out>
    <system-err><![CDATA[Mockito is currently self-attaching to enable the inline-mock-maker. This will no longer work in future releases of the JDK. Please add Mockito as an agent to your build what is described in Mockito's documentation: https://javadoc.io/doc/org.mockito/mockito-core/latest/org/mockito/Mockito.html#0.3
WARNING: A Java agent has been loaded dynamically (C:\Users\Ranvitha\.m2\repository\net\bytebuddy\byte-buddy-agent\1.15.11\byte-buddy-agent-1.15.11.jar)
WARNING: If a serviceability tool is in use, please run with -XX:+EnableDynamicAgentLoading to hide this warning
WARNING: If a serviceability tool is not in use, please run with -Djdk.instrument.traceUsage for more information
WARNING: Dynamic loading of agents will be disallowed by default in a future release
]]></system-err>
  </testcase>
</testsuite>